2015-02-13 17:58:00 Notice: Notice (8): Use of undefined constant id - assumed 'id' in [C:\xampp\htdocs\cake3blog\src\Controller\ArticlesController.php, line 34]
Trace:
Cake\Error\BaseErrorHandler::handleError() - CORE\src\Error\BaseErrorHandler.php, line 138
App\Controller\ArticlesController::view() - APP/Controller\ArticlesController.php, line 34
Cake\Controller\Controller::invokeAction() - CORE\src\Controller\Controller.php, line 405
Cake\Routing\Dispatcher::_invoke() - CORE\src\Routing\Dispatcher.php, line 114
Cake\Routing\Dispatcher::dispatch() - CORE\src\Routing\Dispatcher.php, line 87
[main] - ROOT\webroot\index.php, line 37



2015-02-13 17:58:00 Notice: Notice (8): Undefined variable: article in [C:\xampp\htdocs\cake3blog\src\Template\Articles\view.ctp, line 21]
Trace:
Cake\Error\BaseErrorHandler::handleError() - CORE\src\Error\BaseErrorHandler.php, line 138
include - APP/Template\Articles\view.ctp, line 21
Cake\View\View::_evaluate() - CORE\src\View\View.php, line 815
Cake\View\View::_render() - CORE\src\View\View.php, line 775
Cake\View\View::render() - CORE\src\View\View.php, line 463
Cake\Controller\Controller::render() - CORE\src\Controller\Controller.php, line 576
Cake\Routing\Dispatcher::_invoke() - CORE\src\Routing\Dispatcher.php, line 120
Cake\Routing\Dispatcher::dispatch() - CORE\src\Routing\Dispatcher.php, line 87
[main] - ROOT\webroot\index.php, line 37



2015-02-13 17:58:00 Notice: Notice (8): Trying to get property of non-object in [C:\xampp\htdocs\cake3blog\src\Template\Articles\view.ctp, line 21]
Trace:
Cake\Error\BaseErrorHandler::handleError() - CORE\src\Error\BaseErrorHandler.php, line 138
include - APP/Template\Articles\view.ctp, line 21
Cake\View\View::_evaluate() - CORE\src\View\View.php, line 815
Cake\View\View::_render() - CORE\src\View\View.php, line 775
Cake\View\View::render() - CORE\src\View\View.php, line 463
Cake\Controller\Controller::render() - CORE\src\Controller\Controller.php, line 576
Cake\Routing\Dispatcher::_invoke() - CORE\src\Routing\Dispatcher.php, line 120
Cake\Routing\Dispatcher::dispatch() - CORE\src\Routing\Dispatcher.php, line 87
[main] - ROOT\webroot\index.php, line 37



2015-02-13 17:58:00 Notice: Notice (8): Undefined variable: article in [C:\xampp\htdocs\cake3blog\src\Template\Articles\view.ctp, line 22]
Trace:
Cake\Error\BaseErrorHandler::handleError() - CORE\src\Error\BaseErrorHandler.php, line 138
include - APP/Template\Articles\view.ctp, line 22
Cake\View\View::_evaluate() - CORE\src\View\View.php, line 815
Cake\View\View::_render() - CORE\src\View\View.php, line 775
Cake\View\View::render() - CORE\src\View\View.php, line 463
Cake\Controller\Controller::render() - CORE\src\Controller\Controller.php, line 576
Cake\Routing\Dispatcher::_invoke() - CORE\src\Routing\Dispatcher.php, line 120
Cake\Routing\Dispatcher::dispatch() - CORE\src\Routing\Dispatcher.php, line 87
[main] - ROOT\webroot\index.php, line 37



2015-02-13 17:58:00 Notice: Notice (8): Trying to get property of non-object in [C:\xampp\htdocs\cake3blog\src\Template\Articles\view.ctp, line 22]
Trace:
Cake\Error\BaseErrorHandler::handleError() - CORE\src\Error\BaseErrorHandler.php, line 138
include - APP/Template\Articles\view.ctp, line 22
Cake\View\View::_evaluate() - CORE\src\View\View.php, line 815
Cake\View\View::_render() - CORE\src\View\View.php, line 775
Cake\View\View::render() - CORE\src\View\View.php, line 463
Cake\Controller\Controller::render() - CORE\src\Controller\Controller.php, line 576
Cake\Routing\Dispatcher::_invoke() - CORE\src\Routing\Dispatcher.php, line 120
Cake\Routing\Dispatcher::dispatch() - CORE\src\Routing\Dispatcher.php, line 87
[main] - ROOT\webroot\index.php, line 37



2015-02-13 17:58:00 Notice: Notice (8): Undefined variable: article in [C:\xampp\htdocs\cake3blog\src\Template\Articles\view.ctp, line 23]
Trace:
Cake\Error\BaseErrorHandler::handleError() - CORE\src\Error\BaseErrorHandler.php, line 138
include - APP/Template\Articles\view.ctp, line 23
Cake\View\View::_evaluate() - CORE\src\View\View.php, line 815
Cake\View\View::_render() - CORE\src\View\View.php, line 775
Cake\View\View::render() - CORE\src\View\View.php, line 463
Cake\Controller\Controller::render() - CORE\src\Controller\Controller.php, line 576
Cake\Routing\Dispatcher::_invoke() - CORE\src\Routing\Dispatcher.php, line 120
Cake\Routing\Dispatcher::dispatch() - CORE\src\Routing\Dispatcher.php, line 87
[main] - ROOT\webroot\index.php, line 37



2015-02-13 17:58:00 Notice: Notice (8): Trying to get property of non-object in [C:\xampp\htdocs\cake3blog\src\Template\Articles\view.ctp, line 23]
Trace:
Cake\Error\BaseErrorHandler::handleError() - CORE\src\Error\BaseErrorHandler.php, line 138
include - APP/Template\Articles\view.ctp, line 23
Cake\View\View::_evaluate() - CORE\src\View\View.php, line 815
Cake\View\View::_render() - CORE\src\View\View.php, line 775
Cake\View\View::render() - CORE\src\View\View.php, line 463
Cake\Controller\Controller::render() - CORE\src\Controller\Controller.php, line 576
Cake\Routing\Dispatcher::_invoke() - CORE\src\Routing\Dispatcher.php, line 120
Cake\Routing\Dispatcher::dispatch() - CORE\src\Routing\Dispatcher.php, line 87
[main] - ROOT\webroot\index.php, line 37



2015-02-13 17:58:40 Notice: Notice (8): Use of undefined constant id - assumed 'id' in [C:\xampp\htdocs\cake3blog\src\Controller\ArticlesController.php, line 34]
Trace:
Cake\Error\BaseErrorHandler::handleError() - CORE\src\Error\BaseErrorHandler.php, line 138
App\Controller\ArticlesController::view() - APP/Controller\ArticlesController.php, line 34
Cake\Controller\Controller::invokeAction() - CORE\src\Controller\Controller.php, line 405
Cake\Routing\Dispatcher::_invoke() - CORE\src\Routing\Dispatcher.php, line 114
Cake\Routing\Dispatcher::dispatch() - CORE\src\Routing\Dispatcher.php, line 87
[main] - ROOT\webroot\index.php, line 37



2015-02-13 17:58:40 Notice: Notice (8): Undefined variable: article in [C:\xampp\htdocs\cake3blog\src\Template\Articles\view.ctp, line 21]
Trace:
Cake\Error\BaseErrorHandler::handleError() - CORE\src\Error\BaseErrorHandler.php, line 138
include - APP/Template\Articles\view.ctp, line 21
Cake\View\View::_evaluate() - CORE\src\View\View.php, line 815
Cake\View\View::_render() - CORE\src\View\View.php, line 775
Cake\View\View::render() - CORE\src\View\View.php, line 463
Cake\Controller\Controller::render() - CORE\src\Controller\Controller.php, line 576
Cake\Routing\Dispatcher::_invoke() - CORE\src\Routing\Dispatcher.php, line 120
Cake\Routing\Dispatcher::dispatch() - CORE\src\Routing\Dispatcher.php, line 87
[main] - ROOT\webroot\index.php, line 37



2015-02-13 17:58:40 Notice: Notice (8): Trying to get property of non-object in [C:\xampp\htdocs\cake3blog\src\Template\Articles\view.ctp, line 21]
Trace:
Cake\Error\BaseErrorHandler::handleError() - CORE\src\Error\BaseErrorHandler.php, line 138
include - APP/Template\Articles\view.ctp, line 21
Cake\View\View::_evaluate() - CORE\src\View\View.php, line 815
Cake\View\View::_render() - CORE\src\View\View.php, line 775
Cake\View\View::render() - CORE\src\View\View.php, line 463
Cake\Controller\Controller::render() - CORE\src\Controller\Controller.php, line 576
Cake\Routing\Dispatcher::_invoke() - CORE\src\Routing\Dispatcher.php, line 120
Cake\Routing\Dispatcher::dispatch() - CORE\src\Routing\Dispatcher.php, line 87
[main] - ROOT\webroot\index.php, line 37



2015-02-13 17:58:40 Notice: Notice (8): Undefined variable: article in [C:\xampp\htdocs\cake3blog\src\Template\Articles\view.ctp, line 22]
Trace:
Cake\Error\BaseErrorHandler::handleError() - CORE\src\Error\BaseErrorHandler.php, line 138
include - APP/Template\Articles\view.ctp, line 22
Cake\View\View::_evaluate() - CORE\src\View\View.php, line 815
Cake\View\View::_render() - CORE\src\View\View.php, line 775
Cake\View\View::render() - CORE\src\View\View.php, line 463
Cake\Controller\Controller::render() - CORE\src\Controller\Controller.php, line 576
Cake\Routing\Dispatcher::_invoke() - CORE\src\Routing\Dispatcher.php, line 120
Cake\Routing\Dispatcher::dispatch() - CORE\src\Routing\Dispatcher.php, line 87
[main] - ROOT\webroot\index.php, line 37



2015-02-13 17:58:40 Notice: Notice (8): Trying to get property of non-object in [C:\xampp\htdocs\cake3blog\src\Template\Articles\view.ctp, line 22]
Trace:
Cake\Error\BaseErrorHandler::handleError() - CORE\src\Error\BaseErrorHandler.php, line 138
include - APP/Template\Articles\view.ctp, line 22
Cake\View\View::_evaluate() - CORE\src\View\View.php, line 815
Cake\View\View::_render() - CORE\src\View\View.php, line 775
Cake\View\View::render() - CORE\src\View\View.php, line 463
Cake\Controller\Controller::render() - CORE\src\Controller\Controller.php, line 576
Cake\Routing\Dispatcher::_invoke() - CORE\src\Routing\Dispatcher.php, line 120
Cake\Routing\Dispatcher::dispatch() - CORE\src\Routing\Dispatcher.php, line 87
[main] - ROOT\webroot\index.php, line 37



2015-02-13 17:58:40 Notice: Notice (8): Undefined variable: article in [C:\xampp\htdocs\cake3blog\src\Template\Articles\view.ctp, line 23]
Trace:
Cake\Error\BaseErrorHandler::handleError() - CORE\src\Error\BaseErrorHandler.php, line 138
include - APP/Template\Articles\view.ctp, line 23
Cake\View\View::_evaluate() - CORE\src\View\View.php, line 815
Cake\View\View::_render() - CORE\src\View\View.php, line 775
Cake\View\View::render() - CORE\src\View\View.php, line 463
Cake\Controller\Controller::render() - CORE\src\Controller\Controller.php, line 576
Cake\Routing\Dispatcher::_invoke() - CORE\src\Routing\Dispatcher.php, line 120
Cake\Routing\Dispatcher::dispatch() - CORE\src\Routing\Dispatcher.php, line 87
[main] - ROOT\webroot\index.php, line 37



2015-02-13 17:58:40 Notice: Notice (8): Trying to get property of non-object in [C:\xampp\htdocs\cake3blog\src\Template\Articles\view.ctp, line 23]
Trace:
Cake\Error\BaseErrorHandler::handleError() - CORE\src\Error\BaseErrorHandler.php, line 138
include - APP/Template\Articles\view.ctp, line 23
Cake\View\View::_evaluate() - CORE\src\View\View.php, line 815
Cake\View\View::_render() - CORE\src\View\View.php, line 775
Cake\View\View::render() - CORE\src\View\View.php, line 463
Cake\Controller\Controller::render() - CORE\src\Controller\Controller.php, line 576
Cake\Routing\Dispatcher::_invoke() - CORE\src\Routing\Dispatcher.php, line 120
Cake\Routing\Dispatcher::dispatch() - CORE\src\Routing\Dispatcher.php, line 87
[main] - ROOT\webroot\index.php, line 37



2015-02-13 18:00:31 Notice: Notice (8): Use of undefined constant id - assumed 'id' in [C:\xampp\htdocs\cake3blog\src\Controller\ArticlesController.php, line 34]
Trace:
Cake\Error\BaseErrorHandler::handleError() - CORE\src\Error\BaseErrorHandler.php, line 138
App\Controller\ArticlesController::view() - APP/Controller\ArticlesController.php, line 34
Cake\Controller\Controller::invokeAction() - CORE\src\Controller\Controller.php, line 405
Cake\Routing\Dispatcher::_invoke() - CORE\src\Routing\Dispatcher.php, line 114
Cake\Routing\Dispatcher::dispatch() - CORE\src\Routing\Dispatcher.php, line 87
[main] - ROOT\webroot\index.php, line 37



2015-02-13 18:00:31 Notice: Notice (8): Undefined variable: article in [C:\xampp\htdocs\cake3blog\src\Template\Articles\view.ctp, line 21]
Trace:
Cake\Error\BaseErrorHandler::handleError() - CORE\src\Error\BaseErrorHandler.php, line 138
include - APP/Template\Articles\view.ctp, line 21
Cake\View\View::_evaluate() - CORE\src\View\View.php, line 815
Cake\View\View::_render() - CORE\src\View\View.php, line 775
Cake\View\View::render() - CORE\src\View\View.php, line 463
Cake\Controller\Controller::render() - CORE\src\Controller\Controller.php, line 576
Cake\Routing\Dispatcher::_invoke() - CORE\src\Routing\Dispatcher.php, line 120
Cake\Routing\Dispatcher::dispatch() - CORE\src\Routing\Dispatcher.php, line 87
[main] - ROOT\webroot\index.php, line 37



2015-02-13 18:00:31 Notice: Notice (8): Trying to get property of non-object in [C:\xampp\htdocs\cake3blog\src\Template\Articles\view.ctp, line 21]
Trace:
Cake\Error\BaseErrorHandler::handleError() - CORE\src\Error\BaseErrorHandler.php, line 138
include - APP/Template\Articles\view.ctp, line 21
Cake\View\View::_evaluate() - CORE\src\View\View.php, line 815
Cake\View\View::_render() - CORE\src\View\View.php, line 775
Cake\View\View::render() - CORE\src\View\View.php, line 463
Cake\Controller\Controller::render() - CORE\src\Controller\Controller.php, line 576
Cake\Routing\Dispatcher::_invoke() - CORE\src\Routing\Dispatcher.php, line 120
Cake\Routing\Dispatcher::dispatch() - CORE\src\Routing\Dispatcher.php, line 87
[main] - ROOT\webroot\index.php, line 37



2015-02-13 18:00:31 Notice: Notice (8): Undefined variable: article in [C:\xampp\htdocs\cake3blog\src\Template\Articles\view.ctp, line 22]
Trace:
Cake\Error\BaseErrorHandler::handleError() - CORE\src\Error\BaseErrorHandler.php, line 138
include - APP/Template\Articles\view.ctp, line 22
Cake\View\View::_evaluate() - CORE\src\View\View.php, line 815
Cake\View\View::_render() - CORE\src\View\View.php, line 775
Cake\View\View::render() - CORE\src\View\View.php, line 463
Cake\Controller\Controller::render() - CORE\src\Controller\Controller.php, line 576
Cake\Routing\Dispatcher::_invoke() - CORE\src\Routing\Dispatcher.php, line 120
Cake\Routing\Dispatcher::dispatch() - CORE\src\Routing\Dispatcher.php, line 87
[main] - ROOT\webroot\index.php, line 37



2015-02-13 18:00:31 Notice: Notice (8): Trying to get property of non-object in [C:\xampp\htdocs\cake3blog\src\Template\Articles\view.ctp, line 22]
Trace:
Cake\Error\BaseErrorHandler::handleError() - CORE\src\Error\BaseErrorHandler.php, line 138
include - APP/Template\Articles\view.ctp, line 22
Cake\View\View::_evaluate() - CORE\src\View\View.php, line 815
Cake\View\View::_render() - CORE\src\View\View.php, line 775
Cake\View\View::render() - CORE\src\View\View.php, line 463
Cake\Controller\Controller::render() - CORE\src\Controller\Controller.php, line 576
Cake\Routing\Dispatcher::_invoke() - CORE\src\Routing\Dispatcher.php, line 120
Cake\Routing\Dispatcher::dispatch() - CORE\src\Routing\Dispatcher.php, line 87
[main] - ROOT\webroot\index.php, line 37



2015-02-13 18:00:31 Notice: Notice (8): Undefined variable: article in [C:\xampp\htdocs\cake3blog\src\Template\Articles\view.ctp, line 23]
Trace:
Cake\Error\BaseErrorHandler::handleError() - CORE\src\Error\BaseErrorHandler.php, line 138
include - APP/Template\Articles\view.ctp, line 23
Cake\View\View::_evaluate() - CORE\src\View\View.php, line 815
Cake\View\View::_render() - CORE\src\View\View.php, line 775
Cake\View\View::render() - CORE\src\View\View.php, line 463
Cake\Controller\Controller::render() - CORE\src\Controller\Controller.php, line 576
Cake\Routing\Dispatcher::_invoke() - CORE\src\Routing\Dispatcher.php, line 120
Cake\Routing\Dispatcher::dispatch() - CORE\src\Routing\Dispatcher.php, line 87
[main] - ROOT\webroot\index.php, line 37



2015-02-13 18:00:31 Notice: Notice (8): Trying to get property of non-object in [C:\xampp\htdocs\cake3blog\src\Template\Articles\view.ctp, line 23]
Trace:
Cake\Error\BaseErrorHandler::handleError() - CORE\src\Error\BaseErrorHandler.php, line 138
include - APP/Template\Articles\view.ctp, line 23
Cake\View\View::_evaluate() - CORE\src\View\View.php, line 815
Cake\View\View::_render() - CORE\src\View\View.php, line 775
Cake\View\View::render() - CORE\src\View\View.php, line 463
Cake\Controller\Controller::render() - CORE\src\Controller\Controller.php, line 576
Cake\Routing\Dispatcher::_invoke() - CORE\src\Routing\Dispatcher.php, line 120
Cake\Routing\Dispatcher::dispatch() - CORE\src\Routing\Dispatcher.php, line 87
[main] - ROOT\webroot\index.php, line 37



2015-02-13 18:00:43 Notice: Notice (8): Use of undefined constant id - assumed 'id' in [C:\xampp\htdocs\cake3blog\src\Controller\ArticlesController.php, line 34]
Trace:
Cake\Error\BaseErrorHandler::handleError() - CORE\src\Error\BaseErrorHandler.php, line 138
App\Controller\ArticlesController::view() - APP/Controller\ArticlesController.php, line 34
Cake\Controller\Controller::invokeAction() - CORE\src\Controller\Controller.php, line 405
Cake\Routing\Dispatcher::_invoke() - CORE\src\Routing\Dispatcher.php, line 114
Cake\Routing\Dispatcher::dispatch() - CORE\src\Routing\Dispatcher.php, line 87
[main] - ROOT\webroot\index.php, line 37



2015-02-13 18:00:43 Notice: Notice (8): Undefined variable: article in [C:\xampp\htdocs\cake3blog\src\Template\Articles\view.ctp, line 21]
Trace:
Cake\Error\BaseErrorHandler::handleError() - CORE\src\Error\BaseErrorHandler.php, line 138
include - APP/Template\Articles\view.ctp, line 21
Cake\View\View::_evaluate() - CORE\src\View\View.php, line 815
Cake\View\View::_render() - CORE\src\View\View.php, line 775
Cake\View\View::render() - CORE\src\View\View.php, line 463
Cake\Controller\Controller::render() - CORE\src\Controller\Controller.php, line 576
Cake\Routing\Dispatcher::_invoke() - CORE\src\Routing\Dispatcher.php, line 120
Cake\Routing\Dispatcher::dispatch() - CORE\src\Routing\Dispatcher.php, line 87
[main] - ROOT\webroot\index.php, line 37



2015-02-13 18:00:43 Notice: Notice (8): Trying to get property of non-object in [C:\xampp\htdocs\cake3blog\src\Template\Articles\view.ctp, line 21]
Trace:
Cake\Error\BaseErrorHandler::handleError() - CORE\src\Error\BaseErrorHandler.php, line 138
include - APP/Template\Articles\view.ctp, line 21
Cake\View\View::_evaluate() - CORE\src\View\View.php, line 815
Cake\View\View::_render() - CORE\src\View\View.php, line 775
Cake\View\View::render() - CORE\src\View\View.php, line 463
Cake\Controller\Controller::render() - CORE\src\Controller\Controller.php, line 576
Cake\Routing\Dispatcher::_invoke() - CORE\src\Routing\Dispatcher.php, line 120
Cake\Routing\Dispatcher::dispatch() - CORE\src\Routing\Dispatcher.php, line 87
[main] - ROOT\webroot\index.php, line 37



2015-02-13 18:00:43 Notice: Notice (8): Undefined variable: article in [C:\xampp\htdocs\cake3blog\src\Template\Articles\view.ctp, line 22]
Trace:
Cake\Error\BaseErrorHandler::handleError() - CORE\src\Error\BaseErrorHandler.php, line 138
include - APP/Template\Articles\view.ctp, line 22
Cake\View\View::_evaluate() - CORE\src\View\View.php, line 815
Cake\View\View::_render() - CORE\src\View\View.php, line 775
Cake\View\View::render() - CORE\src\View\View.php, line 463
Cake\Controller\Controller::render() - CORE\src\Controller\Controller.php, line 576
Cake\Routing\Dispatcher::_invoke() - CORE\src\Routing\Dispatcher.php, line 120
Cake\Routing\Dispatcher::dispatch() - CORE\src\Routing\Dispatcher.php, line 87
[main] - ROOT\webroot\index.php, line 37



2015-02-13 18:00:43 Notice: Notice (8): Trying to get property of non-object in [C:\xampp\htdocs\cake3blog\src\Template\Articles\view.ctp, line 22]
Trace:
Cake\Error\BaseErrorHandler::handleError() - CORE\src\Error\BaseErrorHandler.php, line 138
include - APP/Template\Articles\view.ctp, line 22
Cake\View\View::_evaluate() - CORE\src\View\View.php, line 815
Cake\View\View::_render() - CORE\src\View\View.php, line 775
Cake\View\View::render() - CORE\src\View\View.php, line 463
Cake\Controller\Controller::render() - CORE\src\Controller\Controller.php, line 576
Cake\Routing\Dispatcher::_invoke() - CORE\src\Routing\Dispatcher.php, line 120
Cake\Routing\Dispatcher::dispatch() - CORE\src\Routing\Dispatcher.php, line 87
[main] - ROOT\webroot\index.php, line 37



2015-02-13 18:00:43 Notice: Notice (8): Undefined variable: article in [C:\xampp\htdocs\cake3blog\src\Template\Articles\view.ctp, line 23]
Trace:
Cake\Error\BaseErrorHandler::handleError() - CORE\src\Error\BaseErrorHandler.php, line 138
include - APP/Template\Articles\view.ctp, line 23
Cake\View\View::_evaluate() - CORE\src\View\View.php, line 815
Cake\View\View::_render() - CORE\src\View\View.php, line 775
Cake\View\View::render() - CORE\src\View\View.php, line 463
Cake\Controller\Controller::render() - CORE\src\Controller\Controller.php, line 576
Cake\Routing\Dispatcher::_invoke() - CORE\src\Routing\Dispatcher.php, line 120
Cake\Routing\Dispatcher::dispatch() - CORE\src\Routing\Dispatcher.php, line 87
[main] - ROOT\webroot\index.php, line 37



2015-02-13 18:00:43 Notice: Notice (8): Trying to get property of non-object in [C:\xampp\htdocs\cake3blog\src\Template\Articles\view.ctp, line 23]
Trace:
Cake\Error\BaseErrorHandler::handleError() - CORE\src\Error\BaseErrorHandler.php, line 138
include - APP/Template\Articles\view.ctp, line 23
Cake\View\View::_evaluate() - CORE\src\View\View.php, line 815
Cake\View\View::_render() - CORE\src\View\View.php, line 775
Cake\View\View::render() - CORE\src\View\View.php, line 463
Cake\Controller\Controller::render() - CORE\src\Controller\Controller.php, line 576
Cake\Routing\Dispatcher::_invoke() - CORE\src\Routing\Dispatcher.php, line 120
Cake\Routing\Dispatcher::dispatch() - CORE\src\Routing\Dispatcher.php, line 87
[main] - ROOT\webroot\index.php, line 37



2015-02-13 18:02:22 Notice: Notice (8): Use of undefined constant id - assumed 'id' in [C:\xampp\htdocs\cake3blog\src\Controller\ArticlesController.php, line 34]
Trace:
Cake\Error\BaseErrorHandler::handleError() - CORE\src\Error\BaseErrorHandler.php, line 138
App\Controller\ArticlesController::view() - APP/Controller\ArticlesController.php, line 34
Cake\Controller\Controller::invokeAction() - CORE\src\Controller\Controller.php, line 405
Cake\Routing\Dispatcher::_invoke() - CORE\src\Routing\Dispatcher.php, line 114
Cake\Routing\Dispatcher::dispatch() - CORE\src\Routing\Dispatcher.php, line 87
[main] - ROOT\webroot\index.php, line 37



2015-02-13 18:02:22 Notice: Notice (8): Undefined variable: article in [C:\xampp\htdocs\cake3blog\src\Template\Articles\view.ctp, line 21]
Trace:
Cake\Error\BaseErrorHandler::handleError() - CORE\src\Error\BaseErrorHandler.php, line 138
include - APP/Template\Articles\view.ctp, line 21
Cake\View\View::_evaluate() - CORE\src\View\View.php, line 815
Cake\View\View::_render() - CORE\src\View\View.php, line 775
Cake\View\View::render() - CORE\src\View\View.php, line 463
Cake\Controller\Controller::render() - CORE\src\Controller\Controller.php, line 576
Cake\Routing\Dispatcher::_invoke() - CORE\src\Routing\Dispatcher.php, line 120
Cake\Routing\Dispatcher::dispatch() - CORE\src\Routing\Dispatcher.php, line 87
[main] - ROOT\webroot\index.php, line 37



2015-02-13 18:02:22 Notice: Notice (8): Trying to get property of non-object in [C:\xampp\htdocs\cake3blog\src\Template\Articles\view.ctp, line 21]
Trace:
Cake\Error\BaseErrorHandler::handleError() - CORE\src\Error\BaseErrorHandler.php, line 138
include - APP/Template\Articles\view.ctp, line 21
Cake\View\View::_evaluate() - CORE\src\View\View.php, line 815
Cake\View\View::_render() - CORE\src\View\View.php, line 775
Cake\View\View::render() - CORE\src\View\View.php, line 463
Cake\Controller\Controller::render() - CORE\src\Controller\Controller.php, line 576
Cake\Routing\Dispatcher::_invoke() - CORE\src\Routing\Dispatcher.php, line 120
Cake\Routing\Dispatcher::dispatch() - CORE\src\Routing\Dispatcher.php, line 87
[main] - ROOT\webroot\index.php, line 37



2015-02-13 18:02:22 Notice: Notice (8): Undefined variable: article in [C:\xampp\htdocs\cake3blog\src\Template\Articles\view.ctp, line 22]
Trace:
Cake\Error\BaseErrorHandler::handleError() - CORE\src\Error\BaseErrorHandler.php, line 138
include - APP/Template\Articles\view.ctp, line 22
Cake\View\View::_evaluate() - CORE\src\View\View.php, line 815
Cake\View\View::_render() - CORE\src\View\View.php, line 775
Cake\View\View::render() - CORE\src\View\View.php, line 463
Cake\Controller\Controller::render() - CORE\src\Controller\Controller.php, line 576
Cake\Routing\Dispatcher::_invoke() - CORE\src\Routing\Dispatcher.php, line 120
Cake\Routing\Dispatcher::dispatch() - CORE\src\Routing\Dispatcher.php, line 87
[main] - ROOT\webroot\index.php, line 37



2015-02-13 18:02:22 Notice: Notice (8): Trying to get property of non-object in [C:\xampp\htdocs\cake3blog\src\Template\Articles\view.ctp, line 22]
Trace:
Cake\Error\BaseErrorHandler::handleError() - CORE\src\Error\BaseErrorHandler.php, line 138
include - APP/Template\Articles\view.ctp, line 22
Cake\View\View::_evaluate() - CORE\src\View\View.php, line 815
Cake\View\View::_render() - CORE\src\View\View.php, line 775
Cake\View\View::render() - CORE\src\View\View.php, line 463
Cake\Controller\Controller::render() - CORE\src\Controller\Controller.php, line 576
Cake\Routing\Dispatcher::_invoke() - CORE\src\Routing\Dispatcher.php, line 120
Cake\Routing\Dispatcher::dispatch() - CORE\src\Routing\Dispatcher.php, line 87
[main] - ROOT\webroot\index.php, line 37



2015-02-13 18:02:22 Notice: Notice (8): Undefined variable: article in [C:\xampp\htdocs\cake3blog\src\Template\Articles\view.ctp, line 23]
Trace:
Cake\Error\BaseErrorHandler::handleError() - CORE\src\Error\BaseErrorHandler.php, line 138
include - APP/Template\Articles\view.ctp, line 23
Cake\View\View::_evaluate() - CORE\src\View\View.php, line 815
Cake\View\View::_render() - CORE\src\View\View.php, line 775
Cake\View\View::render() - CORE\src\View\View.php, line 463
Cake\Controller\Controller::render() - CORE\src\Controller\Controller.php, line 576
Cake\Routing\Dispatcher::_invoke() - CORE\src\Routing\Dispatcher.php, line 120
Cake\Routing\Dispatcher::dispatch() - CORE\src\Routing\Dispatcher.php, line 87
[main] - ROOT\webroot\index.php, line 37



2015-02-13 18:02:22 Notice: Notice (8): Trying to get property of non-object in [C:\xampp\htdocs\cake3blog\src\Template\Articles\view.ctp, line 23]
Trace:
Cake\Error\BaseErrorHandler::handleError() - CORE\src\Error\BaseErrorHandler.php, line 138
include - APP/Template\Articles\view.ctp, line 23
Cake\View\View::_evaluate() - CORE\src\View\View.php, line 815
Cake\View\View::_render() - CORE\src\View\View.php, line 775
Cake\View\View::render() - CORE\src\View\View.php, line 463
Cake\Controller\Controller::render() - CORE\src\Controller\Controller.php, line 576
Cake\Routing\Dispatcher::_invoke() - CORE\src\Routing\Dispatcher.php, line 120
Cake\Routing\Dispatcher::dispatch() - CORE\src\Routing\Dispatcher.php, line 87
[main] - ROOT\webroot\index.php, line 37



2015-02-13 18:02:58 Notice: Notice (8): Use of undefined constant id - assumed 'id' in [C:\xampp\htdocs\cake3blog\src\Controller\ArticlesController.php, line 34]
Trace:
Cake\Error\BaseErrorHandler::handleError() - CORE\src\Error\BaseErrorHandler.php, line 138
App\Controller\ArticlesController::view() - APP/Controller\ArticlesController.php, line 34
Cake\Controller\Controller::invokeAction() - CORE\src\Controller\Controller.php, line 405
Cake\Routing\Dispatcher::_invoke() - CORE\src\Routing\Dispatcher.php, line 114
Cake\Routing\Dispatcher::dispatch() - CORE\src\Routing\Dispatcher.php, line 87
[main] - ROOT\webroot\index.php, line 37



2015-02-13 18:02:58 Notice: Notice (8): Undefined variable: article in [C:\xampp\htdocs\cake3blog\src\Template\Articles\view.ctp, line 21]
Trace:
Cake\Error\BaseErrorHandler::handleError() - CORE\src\Error\BaseErrorHandler.php, line 138
include - APP/Template\Articles\view.ctp, line 21
Cake\View\View::_evaluate() - CORE\src\View\View.php, line 815
Cake\View\View::_render() - CORE\src\View\View.php, line 775
Cake\View\View::render() - CORE\src\View\View.php, line 463
Cake\Controller\Controller::render() - CORE\src\Controller\Controller.php, line 576
Cake\Routing\Dispatcher::_invoke() - CORE\src\Routing\Dispatcher.php, line 120
Cake\Routing\Dispatcher::dispatch() - CORE\src\Routing\Dispatcher.php, line 87
[main] - ROOT\webroot\index.php, line 37



2015-02-13 18:02:58 Notice: Notice (8): Trying to get property of non-object in [C:\xampp\htdocs\cake3blog\src\Template\Articles\view.ctp, line 21]
Trace:
Cake\Error\BaseErrorHandler::handleError() - CORE\src\Error\BaseErrorHandler.php, line 138
include - APP/Template\Articles\view.ctp, line 21
Cake\View\View::_evaluate() - CORE\src\View\View.php, line 815
Cake\View\View::_render() - CORE\src\View\View.php, line 775
Cake\View\View::render() - CORE\src\View\View.php, line 463
Cake\Controller\Controller::render() - CORE\src\Controller\Controller.php, line 576
Cake\Routing\Dispatcher::_invoke() - CORE\src\Routing\Dispatcher.php, line 120
Cake\Routing\Dispatcher::dispatch() - CORE\src\Routing\Dispatcher.php, line 87
[main] - ROOT\webroot\index.php, line 37



2015-02-13 18:02:58 Notice: Notice (8): Undefined variable: article in [C:\xampp\htdocs\cake3blog\src\Template\Articles\view.ctp, line 22]
Trace:
Cake\Error\BaseErrorHandler::handleError() - CORE\src\Error\BaseErrorHandler.php, line 138
include - APP/Template\Articles\view.ctp, line 22
Cake\View\View::_evaluate() - CORE\src\View\View.php, line 815
Cake\View\View::_render() - CORE\src\View\View.php, line 775
Cake\View\View::render() - CORE\src\View\View.php, line 463
Cake\Controller\Controller::render() - CORE\src\Controller\Controller.php, line 576
Cake\Routing\Dispatcher::_invoke() - CORE\src\Routing\Dispatcher.php, line 120
Cake\Routing\Dispatcher::dispatch() - CORE\src\Routing\Dispatcher.php, line 87
[main] - ROOT\webroot\index.php, line 37



2015-02-13 18:02:58 Notice: Notice (8): Trying to get property of non-object in [C:\xampp\htdocs\cake3blog\src\Template\Articles\view.ctp, line 22]
Trace:
Cake\Error\BaseErrorHandler::handleError() - CORE\src\Error\BaseErrorHandler.php, line 138
include - APP/Template\Articles\view.ctp, line 22
Cake\View\View::_evaluate() - CORE\src\View\View.php, line 815
Cake\View\View::_render() - CORE\src\View\View.php, line 775
Cake\View\View::render() - CORE\src\View\View.php, line 463
Cake\Controller\Controller::render() - CORE\src\Controller\Controller.php, line 576
Cake\Routing\Dispatcher::_invoke() - CORE\src\Routing\Dispatcher.php, line 120
Cake\Routing\Dispatcher::dispatch() - CORE\src\Routing\Dispatcher.php, line 87
[main] - ROOT\webroot\index.php, line 37



2015-02-13 18:02:58 Notice: Notice (8): Undefined variable: article in [C:\xampp\htdocs\cake3blog\src\Template\Articles\view.ctp, line 23]
Trace:
Cake\Error\BaseErrorHandler::handleError() - CORE\src\Error\BaseErrorHandler.php, line 138
include - APP/Template\Articles\view.ctp, line 23
Cake\View\View::_evaluate() - CORE\src\View\View.php, line 815
Cake\View\View::_render() - CORE\src\View\View.php, line 775
Cake\View\View::render() - CORE\src\View\View.php, line 463
Cake\Controller\Controller::render() - CORE\src\Controller\Controller.php, line 576
Cake\Routing\Dispatcher::_invoke() - CORE\src\Routing\Dispatcher.php, line 120
Cake\Routing\Dispatcher::dispatch() - CORE\src\Routing\Dispatcher.php, line 87
[main] - ROOT\webroot\index.php, line 37



2015-02-13 18:02:58 Notice: Notice (8): Trying to get property of non-object in [C:\xampp\htdocs\cake3blog\src\Template\Articles\view.ctp, line 23]
Trace:
Cake\Error\BaseErrorHandler::handleError() - CORE\src\Error\BaseErrorHandler.php, line 138
include - APP/Template\Articles\view.ctp, line 23
Cake\View\View::_evaluate() - CORE\src\View\View.php, line 815
Cake\View\View::_render() - CORE\src\View\View.php, line 775
Cake\View\View::render() - CORE\src\View\View.php, line 463
Cake\Controller\Controller::render() - CORE\src\Controller\Controller.php, line 576
Cake\Routing\Dispatcher::_invoke() - CORE\src\Routing\Dispatcher.php, line 120
Cake\Routing\Dispatcher::dispatch() - CORE\src\Routing\Dispatcher.php, line 87
[main] - ROOT\webroot\index.php, line 37



2015-02-13 18:04:30 Notice: Notice (8): Use of undefined constant id - assumed 'id' in [C:\xampp\htdocs\cake3blog\src\Controller\ArticlesController.php, line 34]
Trace:
Cake\Error\BaseErrorHandler::handleError() - CORE\src\Error\BaseErrorHandler.php, line 138
App\Controller\ArticlesController::view() - APP/Controller\ArticlesController.php, line 34
Cake\Controller\Controller::invokeAction() - CORE\src\Controller\Controller.php, line 405
Cake\Routing\Dispatcher::_invoke() - CORE\src\Routing\Dispatcher.php, line 114
Cake\Routing\Dispatcher::dispatch() - CORE\src\Routing\Dispatcher.php, line 87
[main] - ROOT\webroot\index.php, line 37



2015-02-13 18:05:48 Notice: Notice (8): Use of undefined constant id - assumed 'id' in [C:\xampp\htdocs\cake3blog\src\Controller\ArticlesController.php, line 34]
Trace:
Cake\Error\BaseErrorHandler::handleError() - CORE\src\Error\BaseErrorHandler.php, line 138
App\Controller\ArticlesController::view() - APP/Controller\ArticlesController.php, line 34
Cake\Controller\Controller::invokeAction() - CORE\src\Controller\Controller.php, line 405
Cake\Routing\Dispatcher::_invoke() - CORE\src\Routing\Dispatcher.php, line 114
Cake\Routing\Dispatcher::dispatch() - CORE\src\Routing\Dispatcher.php, line 87
[main] - ROOT\webroot\index.php, line 37



2015-02-13 19:14:52 Notice: Notice (8): Undefined variable: id in [C:\xampp\htdocs\cake3blog\src\Template\Articles\index.ctp, line 42]
Trace:
Cake\Error\BaseErrorHandler::handleError() - CORE\src\Error\BaseErrorHandler.php, line 138
include - APP/Template\Articles\index.ctp, line 42
Cake\View\View::_evaluate() - CORE\src\View\View.php, line 815
Cake\View\View::_render() - CORE\src\View\View.php, line 775
Cake\View\View::render() - CORE\src\View\View.php, line 463
Cake\Controller\Controller::render() - CORE\src\Controller\Controller.php, line 576
Cake\Routing\Dispatcher::_invoke() - CORE\src\Routing\Dispatcher.php, line 120
Cake\Routing\Dispatcher::dispatch() - CORE\src\Routing\Dispatcher.php, line 87
[main] - ROOT\webroot\index.php, line 37



2015-02-13 19:14:52 Notice: Notice (8): Undefined variable: id in [C:\xampp\htdocs\cake3blog\src\Template\Articles\index.ctp, line 42]
Trace:
Cake\Error\BaseErrorHandler::handleError() - CORE\src\Error\BaseErrorHandler.php, line 138
include - APP/Template\Articles\index.ctp, line 42
Cake\View\View::_evaluate() - CORE\src\View\View.php, line 815
Cake\View\View::_render() - CORE\src\View\View.php, line 775
Cake\View\View::render() - CORE\src\View\View.php, line 463
Cake\Controller\Controller::render() - CORE\src\Controller\Controller.php, line 576
Cake\Routing\Dispatcher::_invoke() - CORE\src\Routing\Dispatcher.php, line 120
Cake\Routing\Dispatcher::dispatch() - CORE\src\Routing\Dispatcher.php, line 87
[main] - ROOT\webroot\index.php, line 37



2015-02-13 19:14:52 Notice: Notice (8): Undefined variable: id in [C:\xampp\htdocs\cake3blog\src\Template\Articles\index.ctp, line 42]
Trace:
Cake\Error\BaseErrorHandler::handleError() - CORE\src\Error\BaseErrorHandler.php, line 138
include - APP/Template\Articles\index.ctp, line 42
Cake\View\View::_evaluate() - CORE\src\View\View.php, line 815
Cake\View\View::_render() - CORE\src\View\View.php, line 775
Cake\View\View::render() - CORE\src\View\View.php, line 463
Cake\Controller\Controller::render() - CORE\src\Controller\Controller.php, line 576
Cake\Routing\Dispatcher::_invoke() - CORE\src\Routing\Dispatcher.php, line 120
Cake\Routing\Dispatcher::dispatch() - CORE\src\Routing\Dispatcher.php, line 87
[main] - ROOT\webroot\index.php, line 37



